2025-09-15 00:08:34 - prj1 - INFO - Starting PRJ-1 application
2025-09-15 00:08:34 - prj1 - INFO - Initializing application
2025-09-15 00:08:34 - prj1 - INFO - Application info: Project Browser v0.1.2
2025-09-15 00:08:34 - prj1 - INFO - Creating main window
2025-09-15 00:08:34 - prj1 - INFO - Application icon loaded from: x:\GitHub\PRJ-1\assets\logo.png
2025-09-15 00:08:34 - prj1 - INFO - Background image loaded from: x:\GitHub\PRJ-1\assets\background.png
2025-09-15 00:08:34 - prj1 - INFO - Starting application event loop
2025-09-15 00:09:12 - prj1 - INFO - Main window closing
2025-09-15 00:09:12 - prj1 - INFO - Application exited with code: 0
2025-09-15 00:09:16 - prj1 - INFO - Starting PRJ-1 application
2025-09-15 00:09:16 - prj1 - INFO - Initializing application
2025-09-15 00:09:16 - prj1 - INFO - Application info: Project Browser v0.1.2
2025-09-15 00:09:16 - prj1 - INFO - Creating main window
2025-09-15 00:09:16 - prj1 - INFO - Application icon loaded from: x:\GitHub\PRJ-1\assets\logo.png
2025-09-15 00:09:16 - prj1 - INFO - Background image loaded from: x:\GitHub\PRJ-1\assets\background.png
2025-09-15 00:09:16 - prj1 - INFO - Starting application event loop
2025-09-15 00:09:26 - prj1 - INFO - Main window closing
2025-09-15 00:09:26 - prj1 - INFO - Application exited with code: 0
2025-09-15 00:09:48 - prj1 - INFO - Starting PRJ-1 application
2025-09-15 00:09:48 - prj1 - INFO - Initializing application
2025-09-15 00:09:48 - prj1 - INFO - Application info: Project Browser v0.1.2
2025-09-15 00:09:48 - prj1 - INFO - Creating main window
2025-09-15 00:09:48 - prj1 - INFO - Application icon loaded from: x:\GitHub\PRJ-1\assets\logo.png
2025-09-15 00:09:48 - prj1 - INFO - Background image loaded from: x:\GitHub\PRJ-1\assets\background.png
2025-09-15 00:09:48 - prj1 - INFO - Starting application event loop
2025-09-15 00:10:07 - prj1 - INFO - Main window closing
2025-09-15 00:10:07 - prj1 - INFO - Application exited with code: 0
2025-09-15 00:10:45 - prj1 - INFO - Starting PRJ-1 application
2025-09-15 00:10:45 - prj1 - INFO - Initializing application
2025-09-15 00:10:45 - prj1 - INFO - Application info: Project Browser v0.1.2
2025-09-15 00:10:45 - prj1 - INFO - Creating main window
2025-09-15 00:10:45 - prj1 - INFO - Application icon loaded from: x:\GitHub\PRJ-1\assets\logo.png
2025-09-15 00:10:45 - prj1 - INFO - Background image loaded from: x:\GitHub\PRJ-1\assets\background.png
2025-09-15 00:10:45 - prj1 - INFO - Starting application event loop
2025-09-15 00:11:08 - prj1 - INFO - Main window closing
2025-09-15 00:11:08 - prj1 - INFO - Application exited with code: 0
2025-09-15 00:18:30 - prj1 - INFO - Starting PRJ-1 application
2025-09-15 00:18:30 - prj1 - INFO - Initializing application
2025-09-15 00:18:30 - prj1 - INFO - Application info: Project Browser v0.1.2
2025-09-15 00:18:30 - prj1 - INFO - Creating main window
2025-09-15 00:18:30 - prj1 - INFO - Application icon loaded from: x:\GitHub\PRJ-1\assets\logo.png
2025-09-15 00:18:30 - prj1 - INFO - Background image loaded from: x:\GitHub\PRJ-1\assets\background.png
2025-09-15 00:18:30 - prj1 - INFO - Starting application event loop
2025-09-15 00:21:36 - prj1 - INFO - Main window closing
2025-09-15 00:21:36 - prj1 - INFO - Application exited with code: 0
2025-09-15 00:24:17 - prj1 - INFO - Starting PRJ-1 application
2025-09-15 00:24:17 - prj1 - INFO - Initializing application
2025-09-15 00:24:17 - prj1 - INFO - Application info: Project Browser v0.1.2
2025-09-15 00:24:17 - prj1 - INFO - Creating main window
2025-09-15 00:24:17 - prj1 - INFO - Application icon loaded from: x:\GitHub\PRJ-1\assets\logo.png
2025-09-15 00:24:17 - prj1 - INFO - Background image loaded from: x:\GitHub\PRJ-1\assets\background.png
2025-09-15 00:24:17 - prj1 - INFO - Starting application event loop
2025-09-15 00:26:24 - prj1 - INFO - Main window closing
2025-09-15 00:26:24 - prj1 - INFO - Application exited with code: 0
2025-09-15 00:26:28 - prj1 - INFO - Starting PRJ-1 application
2025-09-15 00:26:28 - prj1 - INFO - Initializing application
2025-09-15 00:26:28 - prj1 - INFO - Application info: Project Browser v0.1.2
2025-09-15 00:26:28 - prj1 - INFO - Creating main window
2025-09-15 00:26:28 - prj1 - INFO - Application icon loaded from: x:\GitHub\PRJ-1\assets\logo.png
2025-09-15 00:26:28 - prj1 - INFO - Background image loaded from: x:\GitHub\PRJ-1\assets\background.png
2025-09-15 00:26:28 - prj1 - INFO - Starting application event loop
2025-09-15 00:27:58 - prj1 - INFO - Main window closing
2025-09-15 00:27:58 - prj1 - INFO - Application exited with code: 0
2025-09-15 00:28:04 - prj1 - INFO - Starting PRJ-1 application
2025-09-15 00:28:04 - prj1 - INFO - Initializing application
2025-09-15 00:28:04 - prj1 - INFO - Application info: Project Browser v0.1.2
2025-09-15 00:28:04 - prj1 - INFO - Creating main window
2025-09-15 00:28:04 - prj1 - INFO - Application icon loaded from: x:\GitHub\PRJ-1\assets\logo.png
2025-09-15 00:28:04 - prj1 - INFO - Background image loaded from: x:\GitHub\PRJ-1\assets\background.png
2025-09-15 00:28:04 - prj1 - INFO - Starting application event loop
2025-09-15 00:32:29 - prj1 - INFO - Main window closing
2025-09-15 00:32:29 - prj1 - INFO - Application exited with code: 0
2025-09-15 00:49:03 - prj1 - INFO - Starting PRJ-1 application
2025-09-15 00:49:03 - prj1 - INFO - Initializing application
2025-09-15 00:49:03 - prj1 - INFO - Application info: Project Browser v0.1.3
2025-09-15 00:49:03 - prj1 - INFO - Creating main window
2025-09-15 00:49:03 - prj1 - INFO - Application icon loaded from: x:\GitHub\PRJ-1\assets\logo.png
2025-09-15 00:49:03 - prj1 - INFO - Background image loaded from: x:\GitHub\PRJ-1\assets\background.png
2025-09-15 00:49:03 - prj1 - INFO - Starting application event loop
2025-09-15 00:51:00 - prj1 - INFO - Main window closing
2025-09-15 00:51:00 - prj1 - INFO - Application exited with code: 0
2025-09-15 00:53:21 - prj1 - INFO - Starting PRJ-1 application
2025-09-15 00:53:21 - prj1 - INFO - Initializing application
2025-09-15 00:53:21 - prj1 - INFO - Application info: Project Browser v0.1.3
2025-09-15 00:53:21 - prj1 - INFO - Creating main window
2025-09-15 00:53:21 - prj1 - INFO - Application icon loaded from: x:\GitHub\PRJ-1\assets\logo.png
2025-09-15 00:53:21 - prj1 - INFO - Background image loaded from: x:\GitHub\PRJ-1\assets\background.png
2025-09-15 00:53:21 - prj1 - INFO - Starting application event loop
2025-09-15 00:55:21 - prj1 - INFO - Main window closing
2025-09-15 00:55:21 - prj1 - INFO - Application exited with code: 0
2025-09-15 00:56:39 - prj1 - INFO - Starting PRJ-1 application
2025-09-15 00:56:39 - prj1 - INFO - Initializing application
2025-09-15 00:56:39 - prj1 - INFO - Application info: Project Browser v0.1.3
2025-09-15 00:56:39 - prj1 - INFO - Creating main window
2025-09-15 00:56:39 - prj1 - INFO - Application icon loaded from: x:\GitHub\PRJ-1\assets\logo.png
2025-09-15 00:56:39 - prj1 - INFO - Background image loaded from: x:\GitHub\PRJ-1\assets\background.png
2025-09-15 00:56:39 - prj1 - INFO - Starting application event loop
2025-09-15 00:58:55 - prj1 - INFO - Main window closing
2025-09-15 00:58:55 - prj1 - INFO - Application exited with code: 0
2025-09-15 01:01:25 - prj1 - INFO - Starting PRJ-1 application
2025-09-15 01:01:25 - prj1 - INFO - Initializing application
2025-09-15 01:01:25 - prj1 - INFO - Application info: Project Browser v0.1.3
2025-09-15 01:01:25 - prj1 - INFO - Creating main window
2025-09-15 01:01:25 - prj1 - INFO - Application icon loaded from: x:\GitHub\PRJ-1\assets\logo.png
2025-09-15 01:01:25 - prj1 - INFO - Background image loaded from: x:\GitHub\PRJ-1\assets\background.png
2025-09-15 01:01:25 - prj1 - INFO - Starting application event loop
2025-09-15 01:18:10 - prj1 - INFO - Main window closing
2025-09-15 01:18:10 - prj1 - INFO - Application exited with code: 0
2025-09-15 01:18:49 - prj1 - INFO - Starting PRJ-1 application
2025-09-15 01:18:49 - prj1 - INFO - Initializing application
2025-09-15 01:18:49 - prj1 - INFO - Application info: Project Browser v0.1.3
2025-09-15 01:18:49 - prj1 - INFO - Creating main window
2025-09-15 01:18:49 - prj1 - INFO - Application icon loaded from: x:\GitHub\PRJ-1\assets\logo.png
2025-09-15 01:18:49 - prj1 - INFO - Background image loaded from: x:\GitHub\PRJ-1\assets\background.png
2025-09-15 01:18:49 - prj1 - INFO - Starting application event loop
2025-09-15 01:20:28 - prj1 - INFO - Main window closing
2025-09-15 01:20:28 - prj1 - INFO - Application exited with code: 0
2025-09-15 01:28:47 - prj1 - INFO - Starting PRJ-1 application
2025-09-15 01:28:47 - prj1 - INFO - Initializing application
2025-09-15 01:28:47 - prj1 - INFO - Application info: Project Browser v0.1.3
2025-09-15 01:28:47 - prj1 - INFO - Creating main window
2025-09-15 01:28:47 - prj1 - INFO - Application icon loaded from: x:\GitHub\PRJ-1\assets\logo.png
2025-09-15 01:28:47 - prj1 - INFO - Background image loaded from: x:\GitHub\PRJ-1\assets\background.png
2025-09-15 01:28:47 - prj1 - INFO - Starting application event loop
