2025-09-16 10:48:54 - prj1 - INFO - Starting PRJ-1 application
2025-09-16 10:48:54 - prj1 - INFO - Initializing application
2025-09-16 10:48:54 - prj1 - INFO - Application info: Project Browser v0.1.5
2025-09-16 10:48:54 - prj1 - INFO - Creating main window
2025-09-16 10:48:54 - prj1 - INFO - Application icon loaded from: X:\GitHub\PRJ-1\assets\logo.png
2025-09-16 10:48:54 - prj1 - INFO - Background image loaded from: X:\GitHub\PRJ-1\assets\background.png
2025-09-16 10:48:54 - prj1 - INFO - Starting application event loop
2025-09-16 10:50:55 - prj1 - INFO - Main window closing
2025-09-16 10:50:55 - prj1 - INFO - Application exited with code: 0
2025-09-16 10:50:57 - prj1 - INFO - Starting PRJ-1 application
2025-09-16 10:50:57 - prj1 - INFO - Initializing application
2025-09-16 10:50:57 - prj1 - INFO - Application info: Project Browser v0.1.5
2025-09-16 10:50:57 - prj1 - INFO - Creating main window
2025-09-16 10:50:57 - prj1 - INFO - Application icon loaded from: X:\GitHub\PRJ-1\assets\logo.png
2025-09-16 10:50:57 - prj1 - INFO - Background image loaded from: X:\GitHub\PRJ-1\assets\background.png
2025-09-16 10:50:58 - prj1 - INFO - Starting application event loop
2025-09-16 10:53:38 - prj1 - INFO - Main window closing
2025-09-16 10:53:38 - prj1 - INFO - Application exited with code: 0
2025-09-16 11:21:11 - prj1 - INFO - Starting PRJ-1 application
2025-09-16 11:21:11 - prj1 - INFO - Initializing application
2025-09-16 11:21:11 - prj1 - INFO - Application info: Project Browser v0.1.5
2025-09-16 11:21:11 - prj1 - INFO - Creating main window
2025-09-16 11:21:11 - prj1 - INFO - Application icon loaded from: X:\GitHub\PRJ-1\assets\logo.png
2025-09-16 11:21:11 - prj1 - INFO - Background image loaded from: X:\GitHub\PRJ-1\assets\background.png
2025-09-16 11:21:11 - prj1 - INFO - Starting application event loop
2025-09-16 11:21:28 - prj1 - INFO - Main window closing
2025-09-16 11:21:28 - prj1 - INFO - Application exited with code: 0
2025-09-16 11:25:12 - prj1 - INFO - Starting PRJ-1 application
2025-09-16 11:25:12 - prj1 - INFO - Initializing application
2025-09-16 11:25:12 - prj1 - INFO - Application info: Project Browser v0.1.5
2025-09-16 11:25:12 - prj1 - INFO - Creating main window
2025-09-16 11:25:12 - prj1 - INFO - Application icon loaded from: X:\GitHub\PRJ-1\assets\logo.png
2025-09-16 11:25:12 - prj1 - INFO - Background image loaded from: X:\GitHub\PRJ-1\assets\background.png
2025-09-16 11:25:12 - prj1 - INFO - Starting application event loop
2025-09-16 11:25:22 - prj1 - INFO - Main window closing
2025-09-16 11:25:22 - prj1 - INFO - Application exited with code: 0
2025-09-16 11:27:38 - prj1 - INFO - Starting PRJ-1 application
2025-09-16 11:27:38 - prj1 - INFO - Initializing application
2025-09-16 11:27:38 - prj1 - INFO - Application info: Project Browser v0.1.5
2025-09-16 11:27:38 - prj1 - INFO - Creating main window
2025-09-16 11:27:38 - prj1 - INFO - Application icon loaded from: X:\GitHub\PRJ-1\assets\logo.png
2025-09-16 11:27:38 - prj1 - INFO - Background image loaded from: X:\GitHub\PRJ-1\assets\background.png
2025-09-16 11:27:38 - prj1 - INFO - Starting application event loop
2025-09-16 11:28:41 - prj1 - INFO - Main window closing
2025-09-16 11:28:41 - prj1 - INFO - Application exited with code: 0
2025-09-16 11:28:44 - prj1 - INFO - Starting PRJ-1 application
2025-09-16 11:28:44 - prj1 - INFO - Initializing application
2025-09-16 11:28:44 - prj1 - INFO - Application info: Project Browser v0.1.5
2025-09-16 11:28:44 - prj1 - INFO - Creating main window
2025-09-16 11:28:44 - prj1 - INFO - Application icon loaded from: X:\GitHub\PRJ-1\assets\logo.png
2025-09-16 11:28:44 - prj1 - INFO - Background image loaded from: X:\GitHub\PRJ-1\assets\background.png
2025-09-16 11:28:44 - prj1 - INFO - Starting application event loop
2025-09-16 11:30:01 - prj1 - INFO - Main window closing
2025-09-16 11:30:01 - prj1 - INFO - Application exited with code: 0
2025-09-16 11:42:34 - prj1 - INFO - Starting PRJ-1 application
2025-09-16 11:42:34 - prj1 - INFO - Initializing application
2025-09-16 11:42:34 - prj1 - INFO - Application info: Project Browser v0.1.5
2025-09-16 11:42:34 - prj1 - INFO - Creating main window
2025-09-16 11:42:34 - prj1 - INFO - Application icon loaded from: X:\GitHub\PRJ-1\assets\logo.png
2025-09-16 11:42:34 - prj1 - INFO - Background image loaded from: X:\GitHub\PRJ-1\assets\background.png
2025-09-16 11:42:34 - prj1 - INFO - Starting application event loop
2025-09-16 11:43:06 - prj1 - INFO - Main window closing
2025-09-16 11:43:06 - prj1 - INFO - Application exited with code: 0
2025-09-16 11:53:34 - prj1 - INFO - Starting PRJ-1 application
2025-09-16 11:53:34 - prj1 - INFO - Initializing application
2025-09-16 11:53:34 - prj1 - INFO - Application info: Project Browser v0.1.5
2025-09-16 11:53:34 - prj1 - INFO - Creating main window
2025-09-16 11:53:34 - prj1 - INFO - Application icon loaded from: X:\GitHub\PRJ-1\assets\logo.png
2025-09-16 11:53:34 - prj1 - INFO - Background image loaded from: X:\GitHub\PRJ-1\assets\background.png
2025-09-16 11:53:34 - prj1 - INFO - Starting application event loop
2025-09-16 11:53:52 - prj1 - INFO - Main window closing
2025-09-16 11:53:52 - prj1 - INFO - Application exited with code: 0
2025-09-16 12:28:12 - prj1 - INFO - Starting PRJ-1 application
2025-09-16 12:28:12 - prj1 - INFO - Initializing application
2025-09-16 12:28:12 - prj1 - INFO - Application info: Project Browser v0.1.5
2025-09-16 12:28:12 - prj1 - INFO - Saving version data to config/version.json
2025-09-16 12:28:12 - prj1 - INFO - Creating main window
2025-09-16 12:28:12 - prj1 - INFO - Application icon loaded from: X:\GitHub\PRJ-1\assets\logo.png
2025-09-16 12:28:12 - prj1 - INFO - Background image loaded from: X:\GitHub\PRJ-1\assets\background.png
2025-09-16 12:28:12 - prj1 - INFO - Starting application event loop
2025-09-16 12:30:35 - prj1 - INFO - Main window closing
2025-09-16 12:30:35 - prj1 - INFO - Application exited with code: 0
2025-09-16 12:32:40 - prj1 - INFO - Starting PRJ-1 application
2025-09-16 12:32:40 - prj1 - INFO - Initializing application
2025-09-16 12:32:40 - prj1 - INFO - Application info: Project Browser v0.1.5
2025-09-16 12:32:40 - prj1 - INFO - Saving version data to config/version.json
2025-09-16 12:32:40 - prj1 - INFO - Creating main window
2025-09-16 12:32:40 - prj1 - INFO - Application icon loaded from: X:\GitHub\PRJ-1\assets\logo.png
2025-09-16 12:32:40 - prj1 - INFO - Background image loaded from: X:\GitHub\PRJ-1\assets\background.png
2025-09-16 12:32:40 - prj1 - INFO - Starting application event loop
2025-09-16 12:34:15 - prj1 - INFO - Main window closing
2025-09-16 12:34:15 - prj1 - INFO - Application exited with code: 0
2025-09-16 12:34:18 - prj1 - INFO - Starting PRJ-1 application
2025-09-16 12:34:18 - prj1 - INFO - Initializing application
2025-09-16 12:34:18 - prj1 - INFO - Application info: Project Browser v0.1.5
2025-09-16 12:34:18 - prj1 - INFO - Saving version data to config/version.json
2025-09-16 12:34:18 - prj1 - INFO - Creating main window
2025-09-16 12:34:18 - prj1 - INFO - Application icon loaded from: X:\GitHub\PRJ-1\assets\logo.png
2025-09-16 12:34:18 - prj1 - INFO - Background image loaded from: X:\GitHub\PRJ-1\assets\background.png
2025-09-16 12:34:18 - prj1 - INFO - Starting application event loop
2025-09-16 12:36:30 - prj1 - INFO - Main window closing
2025-09-16 12:36:30 - prj1 - INFO - Application exited with code: 0
2025-09-16 12:36:58 - prj1 - INFO - Starting PRJ-1 application
2025-09-16 12:36:58 - prj1 - INFO - Initializing application
2025-09-16 12:36:58 - prj1 - INFO - Application info: Project Browser v0.1.5
2025-09-16 12:36:58 - prj1 - INFO - Saving version data to config/version.json
2025-09-16 12:36:58 - prj1 - INFO - Creating main window
2025-09-16 12:36:58 - prj1 - INFO - Application icon loaded from: X:\GitHub\PRJ-1\assets\logo.png
2025-09-16 12:36:58 - prj1 - INFO - Background image loaded from: X:\GitHub\PRJ-1\assets\background.png
2025-09-16 12:36:58 - prj1 - INFO - Starting application event loop
2025-09-16 12:37:24 - prj1 - INFO - Main window closing
2025-09-16 12:37:24 - prj1 - INFO - Application exited with code: 0
2025-09-16 12:46:39 - prj1 - INFO - Starting PRJ-1 application
2025-09-16 12:46:39 - prj1 - INFO - Initializing application
2025-09-16 12:46:39 - prj1 - INFO - Application info: Project Browser v0.1.5
2025-09-16 12:46:39 - prj1 - INFO - Saving data to config/settings.json
2025-09-16 12:46:39 - prj1 - ERROR - Application crashed: name 'save_settings_data_to_json' is not defined
Traceback (most recent call last):
  File "X:\GitHub\PRJ-1\main.py", line 218, in main
    save_settings_data_to_json()
    ^^^^^^^^^^^^^^^^^^^^^^^^^^
NameError: name 'save_settings_data_to_json' is not defined. Did you mean: 'save_version_data_to_json'?
2025-09-16 12:49:16 - prj1 - INFO - Starting PRJ-1 application
2025-09-16 12:49:16 - prj1 - INFO - Initializing application
2025-09-16 12:49:16 - prj1 - INFO - Application info: Project Browser v0.1.5
2025-09-16 12:49:16 - prj1 - INFO - Saving version data to config/version.json
2025-09-16 12:49:16 - prj1 - INFO - Saving settings to config/settings.json
2025-09-16 12:49:16 - prj1 - INFO - Creating main window
2025-09-16 12:49:16 - prj1 - INFO - Using language from settings: en
2025-09-16 12:49:16 - prj1 - INFO - Application icon loaded from: X:\GitHub\PRJ-1\assets\logo.png
2025-09-16 12:49:16 - prj1 - INFO - Background image loaded from: X:\GitHub\PRJ-1\assets\background.png
2025-09-16 12:49:16 - prj1 - INFO - Applied window geometry: 1200x800 at (100, 100)
2025-09-16 12:49:16 - prj1 - INFO - Starting application event loop
2025-09-16 12:50:22 - prj1 - INFO - Main window closing
2025-09-16 12:50:22 - prj1 - INFO - Application exited with code: 0
2025-09-16 12:50:26 - prj1 - INFO - Starting PRJ-1 application
2025-09-16 12:50:26 - prj1 - INFO - Initializing application
2025-09-16 12:50:26 - prj1 - INFO - Application info: Project Browser v0.1.5
2025-09-16 12:50:26 - prj1 - INFO - Saving version data to config/version.json
2025-09-16 12:50:26 - prj1 - INFO - Saving settings to config/settings.json
2025-09-16 12:50:26 - prj1 - INFO - Creating main window
2025-09-16 12:50:26 - prj1 - INFO - Using language from settings: it
2025-09-16 12:50:26 - prj1 - INFO - Application icon loaded from: X:\GitHub\PRJ-1\assets\logo.png
2025-09-16 12:50:26 - prj1 - INFO - Background image loaded from: X:\GitHub\PRJ-1\assets\background.png
2025-09-16 12:50:26 - prj1 - INFO - Applied window geometry: 1200x800 at (100, 100)
2025-09-16 12:50:26 - prj1 - INFO - Starting application event loop
2025-09-16 12:54:18 - prj1 - INFO - Main window closing
2025-09-16 12:54:18 - prj1 - INFO - Application exited with code: 0
2025-09-16 12:54:34 - prj1 - INFO - Starting PRJ-1 application
2025-09-16 12:54:34 - prj1 - INFO - Initializing application
2025-09-16 12:54:34 - prj1 - INFO - Application info: Project Browser v0.1.5
2025-09-16 12:54:34 - prj1 - INFO - Saving version data to config/version.json
2025-09-16 12:54:34 - prj1 - INFO - Saving settings to config/settings.json
2025-09-16 12:54:34 - prj1 - INFO - Creating main window
2025-09-16 12:54:34 - prj1 - INFO - Using language from settings: it
2025-09-16 12:54:34 - prj1 - INFO - Application icon loaded from: X:\GitHub\PRJ-1\assets\logo.png
2025-09-16 12:54:34 - prj1 - INFO - Background image loaded from: X:\GitHub\PRJ-1\assets\background.png
2025-09-16 12:54:34 - prj1 - INFO - Applied window geometry: 1200x800 at (100, 100)
2025-09-16 12:54:34 - prj1 - INFO - Starting application event loop
2025-09-16 12:59:27 - prj1 - INFO - Main window closing
2025-09-16 12:59:27 - prj1 - INFO - Application exited with code: 0
2025-09-16 13:05:53 - prj1 - INFO - Starting PRJ-1 application
2025-09-16 13:05:53 - prj1 - INFO - Initializing application
2025-09-16 13:05:53 - prj1 - INFO - Application info: Project Browser v0.1.5
2025-09-16 13:05:53 - prj1 - INFO - Saving version data to config/version.json
2025-09-16 13:05:53 - prj1 - INFO - Saving settings to config/settings.json
2025-09-16 13:05:53 - prj1 - INFO - Creating main window
2025-09-16 13:05:53 - prj1 - INFO - Using language from settings: it
2025-09-16 13:05:53 - prj1 - INFO - Application icon loaded from: X:\GitHub\PRJ-1\assets\logo.png
2025-09-16 13:05:53 - prj1 - INFO - Background image loaded from: X:\GitHub\PRJ-1\assets\background.png
2025-09-16 13:05:53 - prj1 - INFO - Applied window geometry: 1200x800 at (100, 100)
2025-09-16 13:05:53 - prj1 - INFO - Starting application event loop
2025-09-16 13:08:49 - prj1 - INFO - Main window closing
2025-09-16 13:08:49 - prj1 - INFO - Application exited with code: 0
2025-09-16 13:09:20 - prj1 - INFO - Starting PRJ-1 application
2025-09-16 13:09:20 - prj1 - INFO - Initializing application
2025-09-16 13:09:20 - prj1 - INFO - Application info: Project Browser v0.1.5
2025-09-16 13:09:20 - prj1 - INFO - Saving version data to config/version.json
2025-09-16 13:09:20 - prj1 - INFO - Saving settings to config/settings.json
2025-09-16 13:09:20 - prj1 - INFO - Creating main window
2025-09-16 13:09:20 - prj1 - INFO - Using language from settings: it
2025-09-16 13:09:20 - prj1 - INFO - Application icon loaded from: X:\GitHub\PRJ-1\assets\logo.png
2025-09-16 13:09:20 - prj1 - INFO - Background image loaded from: X:\GitHub\PRJ-1\assets\background.png
2025-09-16 13:09:20 - prj1 - INFO - Applied window geometry: 1200x800 at (100, 100)
2025-09-16 13:09:20 - prj1 - INFO - Starting application event loop
2025-09-16 13:12:13 - prj1 - INFO - Main window closing
2025-09-16 13:12:13 - prj1 - INFO - Application exited with code: 0
2025-09-16 13:12:15 - prj1 - INFO - Starting PRJ-1 application
2025-09-16 13:12:15 - prj1 - INFO - Initializing application
2025-09-16 13:12:15 - prj1 - INFO - Application info: Project Browser v0.1.5
2025-09-16 13:12:15 - prj1 - INFO - Saving version data to config/version.json
2025-09-16 13:12:15 - prj1 - INFO - Saving settings to config/settings.json
2025-09-16 13:12:15 - prj1 - INFO - Creating main window
2025-09-16 13:12:15 - prj1 - INFO - Using language from settings: it
2025-09-16 13:12:15 - prj1 - INFO - Application icon loaded from: X:\GitHub\PRJ-1\assets\logo.png
2025-09-16 13:12:15 - prj1 - INFO - Background image loaded from: X:\GitHub\PRJ-1\assets\background.png
2025-09-16 13:12:15 - prj1 - INFO - Applied window geometry: 1200x800 at (100, 100)
2025-09-16 13:12:15 - prj1 - INFO - Starting application event loop
2025-09-16 13:15:54 - prj1 - INFO - Main window closing
2025-09-16 13:15:54 - prj1 - INFO - Application exited with code: 0
2025-09-16 13:25:12 - prj1 - INFO - Starting PRJ-1 application
2025-09-16 13:25:12 - prj1 - INFO - Initializing application
2025-09-16 13:25:12 - prj1 - INFO - Application info: Project Browser v0.1.5
2025-09-16 13:25:12 - prj1 - INFO - Saving version data to config/version.json
2025-09-16 13:25:12 - prj1 - INFO - Saving settings to config/settings.json
2025-09-16 13:25:12 - prj1 - INFO - Creating main window
2025-09-16 13:25:12 - prj1 - INFO - Using language from settings: it
2025-09-16 13:25:12 - prj1 - INFO - Application icon loaded from: X:\GitHub\PRJ-1\assets\logo.png
2025-09-16 13:25:12 - prj1 - INFO - Background image loaded from: X:\GitHub\PRJ-1\assets\background.png
2025-09-16 13:25:12 - prj1 - INFO - Applied window geometry: 1200x800 at (100, 100)
2025-09-16 13:25:12 - prj1 - INFO - Starting application event loop
2025-09-16 13:26:14 - prj1 - INFO - Main window closing
2025-09-16 13:26:14 - prj1 - INFO - Application exited with code: 0
2025-09-16 13:30:41 - prj1 - INFO - Starting PRJ-1 application
2025-09-16 13:30:41 - prj1 - INFO - Initializing application
2025-09-16 13:30:41 - prj1 - INFO - Application info: Project Browser v0.1.5
2025-09-16 13:30:41 - prj1 - INFO - Saving version data to config/version.json
2025-09-16 13:30:41 - prj1 - INFO - Saving settings to config/settings.json
2025-09-16 13:30:41 - prj1 - INFO - Creating main window
2025-09-16 13:30:41 - prj1 - INFO - Using language from settings: it
2025-09-16 13:30:41 - prj1 - INFO - Application icon loaded from: X:\GitHub\PRJ-1\assets\logo.png
2025-09-16 13:30:41 - prj1 - INFO - Background image loaded from: X:\GitHub\PRJ-1\assets\background.png
2025-09-16 13:30:41 - prj1 - INFO - Applied window geometry: 1200x800 at (100, 100)
2025-09-16 13:30:41 - prj1 - INFO - Starting application event loop
2025-09-16 13:31:22 - prj1 - INFO - Main window closing
2025-09-16 13:31:22 - prj1 - INFO - Application exited with code: 0
2025-09-16 13:40:30 - prj1 - INFO - Starting PRJ-1 application
2025-09-16 13:40:30 - prj1 - INFO - Initializing application
2025-09-16 13:40:30 - prj1 - INFO - Application info: Project Browser v0.1.5
2025-09-16 13:40:30 - prj1 - INFO - Saving version data to config/version.json
2025-09-16 13:40:30 - prj1 - INFO - Saving settings to config/settings.json
2025-09-16 13:40:30 - prj1 - INFO - Creating main window
2025-09-16 13:40:30 - prj1 - INFO - Using language from settings: it
2025-09-16 13:40:30 - prj1 - INFO - Application icon loaded from: x:\GitHub\PRJ-1\assets\logo.png
2025-09-16 13:40:30 - prj1 - INFO - Background image loaded from: x:\GitHub\PRJ-1\assets\background.png
2025-09-16 13:40:31 - prj1 - INFO - Applied window geometry: 1200x800 at (100, 100)
2025-09-16 13:40:31 - prj1 - INFO - Starting application event loop
2025-09-16 13:40:35 - prj1 - INFO - Main window closing
2025-09-16 13:40:35 - prj1 - INFO - Application exited with code: 0
2025-09-16 13:44:21 - prj1 - INFO - Starting PRJ-1 application
2025-09-16 13:44:21 - prj1 - INFO - Initializing application
2025-09-16 13:44:21 - prj1 - INFO - Application info: Project Browser v0.1.5
2025-09-16 13:44:21 - prj1 - INFO - Saving version data to config/version.json
2025-09-16 13:44:21 - prj1 - INFO - Saving settings to config/settings.json
2025-09-16 13:44:21 - prj1 - INFO - Creating main window
2025-09-16 13:44:21 - prj1 - INFO - Using language from settings: it
2025-09-16 13:44:21 - prj1 - INFO - Application icon loaded from: x:\GitHub\PRJ-1\assets\logo.png
2025-09-16 13:44:21 - prj1 - INFO - Background image loaded from: x:\GitHub\PRJ-1\assets\background.png
2025-09-16 13:44:21 - prj1 - INFO - MainDialog displayed centered over background
2025-09-16 13:44:21 - prj1 - INFO - Applied window geometry: 1200x800 at (100, 100)
2025-09-16 13:44:21 - prj1 - INFO - Starting application event loop
2025-09-16 13:45:23 - prj1 - INFO - Main window closing
2025-09-16 13:45:23 - prj1 - INFO - Application exited with code: 0
2025-09-16 13:46:17 - prj1 - INFO - Starting PRJ-1 application
2025-09-16 13:46:17 - prj1 - INFO - Initializing application
2025-09-16 13:46:17 - prj1 - INFO - Application info: Project Browser v0.1.5
2025-09-16 13:46:17 - prj1 - INFO - Saving version data to config/version.json
2025-09-16 13:46:17 - prj1 - INFO - Saving settings to config/settings.json
2025-09-16 13:46:17 - prj1 - INFO - Creating main window
2025-09-16 13:46:17 - prj1 - INFO - Using language from settings: it
2025-09-16 13:46:17 - prj1 - INFO - Application icon loaded from: x:\GitHub\PRJ-1\assets\logo.png
2025-09-16 13:46:17 - prj1 - INFO - Background image loaded from: x:\GitHub\PRJ-1\assets\background.png
2025-09-16 13:46:17 - prj1 - INFO - MainDialog displayed centered over background
2025-09-16 13:46:17 - prj1 - INFO - Applied window geometry: 1200x800 at (100, 100)
2025-09-16 13:46:17 - prj1 - INFO - Starting application event loop
2025-09-16 13:47:02 - prj1 - INFO - Main window closing
2025-09-16 13:47:02 - prj1 - INFO - Application exited with code: 0
2025-09-16 13:47:06 - prj1 - INFO - Starting PRJ-1 application
2025-09-16 13:47:06 - prj1 - INFO - Initializing application
2025-09-16 13:47:06 - prj1 - INFO - Application info: Project Browser v0.1.5
2025-09-16 13:47:06 - prj1 - INFO - Saving version data to config/version.json
2025-09-16 13:47:06 - prj1 - INFO - Saving settings to config/settings.json
2025-09-16 13:47:06 - prj1 - INFO - Creating main window
2025-09-16 13:47:06 - prj1 - INFO - Using language from settings: it
2025-09-16 13:47:06 - prj1 - INFO - Application icon loaded from: x:\GitHub\PRJ-1\assets\logo.png
2025-09-16 13:47:06 - prj1 - INFO - Background image loaded from: x:\GitHub\PRJ-1\assets\background.png
2025-09-16 13:47:06 - prj1 - INFO - MainDialog displayed centered over background
2025-09-16 13:47:06 - prj1 - INFO - Applied window geometry: 1200x800 at (100, 100)
2025-09-16 13:47:06 - prj1 - INFO - Starting application event loop
2025-09-16 13:47:22 - prj1 - INFO - Main window closing
2025-09-16 13:47:22 - prj1 - INFO - Application exited with code: 0
2025-09-16 13:57:04 - prj1 - INFO - Starting PRJ-1 application
2025-09-16 13:57:04 - prj1 - INFO - Initializing application
2025-09-16 13:57:04 - prj1 - INFO - Application info: Project Browser v0.1.5
2025-09-16 13:57:04 - prj1 - INFO - Saving version data to config/version.json
2025-09-16 13:57:04 - prj1 - INFO - Saving settings to config/settings.json
2025-09-16 13:57:04 - prj1 - INFO - Creating main window
2025-09-16 13:57:04 - prj1 - INFO - Using language from settings: it
2025-09-16 13:57:04 - prj1 - INFO - Application icon loaded from: x:\GitHub\PRJ-1\assets\logo.png
2025-09-16 13:57:04 - prj1 - INFO - Background image loaded from: x:\GitHub\PRJ-1\assets\background.png
2025-09-16 13:57:04 - prj1 - INFO - MainDialog displayed centered over background
2025-09-16 13:57:04 - prj1 - INFO - Applied window geometry: 1200x800 at (100, 100)
2025-09-16 13:57:04 - prj1 - INFO - Starting application event loop
2025-09-16 13:57:14 - prj1 - INFO - Main window closing
2025-09-16 13:57:14 - prj1 - INFO - Application exited with code: 0
2025-09-16 16:36:07 - prj1 - INFO - Starting PRJ-1 application
2025-09-16 16:36:07 - prj1 - INFO - Initializing application
2025-09-16 16:36:07 - prj1 - INFO - Application info: Project Browser v0.1.5
2025-09-16 16:36:07 - prj1 - INFO - Saving version data to config/version.json
2025-09-16 16:36:07 - prj1 - INFO - Saving settings to config/settings.json
2025-09-16 16:36:07 - prj1 - INFO - Creating main window
2025-09-16 16:36:07 - prj1 - INFO - Using language from settings: it
2025-09-16 16:36:07 - prj1 - INFO - Application icon loaded from: x:\GitHub\PRJ-1\assets\logo.png
2025-09-16 16:36:07 - prj1 - INFO - Background image loaded from: x:\GitHub\PRJ-1\assets\background.png
2025-09-16 16:36:07 - prj1 - INFO - MainDialog displayed centered over background
2025-09-16 16:36:07 - prj1 - INFO - Applied window geometry: 1200x800 at (100, 100)
2025-09-16 16:36:07 - prj1 - INFO - Starting application event loop
2025-09-16 16:36:17 - prj1 - INFO - Main window closing
2025-09-16 16:36:17 - prj1 - INFO - Application exited with code: 0
