2025-09-14 17:33:54 - prj1 - INFO - Starting PRJ-1 application
2025-09-14 17:33:54 - prj1 - INFO - Initializing application
2025-09-14 17:33:54 - prj1 - INFO - Application info: Project Browser v0.1.1
2025-09-14 17:33:54 - prj1 - INFO - Creating main window
2025-09-14 17:33:54 - prj1 - INFO - Starting application event loop
2025-09-14 17:37:56 - prj1 - INFO - Starting PRJ-1 application
2025-09-14 17:37:56 - prj1 - INFO - Initializing application
2025-09-14 17:37:56 - prj1 - INFO - Application info: Project Browser v0.1.2
2025-09-14 17:37:56 - prj1 - INFO - Creating main window
2025-09-14 17:37:57 - prj1 - INFO - Starting application event loop
2025-09-14 17:43:46 - prj1 - INFO - Starting PRJ-1 application
2025-09-14 17:43:46 - prj1 - INFO - Initializing application
2025-09-14 17:43:46 - prj1 - INFO - Application info: Project Browser v0.1.2
2025-09-14 17:43:46 - prj1 - INFO - Creating main window
2025-09-14 17:43:46 - prj1 - INFO - Starting application event loop
2025-09-14 17:44:19 - prj1 - INFO - Starting PRJ-1 application
2025-09-14 17:44:19 - prj1 - INFO - Initializing application
2025-09-14 17:44:19 - prj1 - INFO - Application info: Project Browser v0.1.2
2025-09-14 17:44:19 - prj1 - INFO - Creating main window
2025-09-14 17:44:19 - prj1 - INFO - Starting application event loop
2025-09-14 17:45:16 - prj1 - INFO - Main window closing
2025-09-14 17:45:16 - prj1 - INFO - Application exited with code: 0
2025-09-14 17:45:40 - prj1 - INFO - Starting PRJ-1 application
2025-09-14 17:45:40 - prj1 - INFO - Initializing application
2025-09-14 17:45:40 - prj1 - INFO - Application info: Project Browser v0.1.2
2025-09-14 17:45:40 - prj1 - INFO - Creating main window
2025-09-14 17:45:40 - prj1 - INFO - Starting application event loop
2025-09-14 17:47:19 - prj1 - INFO - Main window closing
2025-09-14 17:47:19 - prj1 - INFO - Application exited with code: 0
2025-09-14 17:53:38 - prj1 - INFO - Main window closing
2025-09-14 17:53:38 - prj1 - INFO - Application exited with code: 0
2025-09-14 17:53:41 - prj1 - INFO - Starting PRJ-1 application
2025-09-14 17:53:41 - prj1 - INFO - Initializing application
2025-09-14 17:53:41 - prj1 - INFO - Application info: Project Browser v0.1.2
2025-09-14 17:53:41 - prj1 - INFO - Creating main window
2025-09-14 17:53:41 - prj1 - INFO - Starting application event loop
2025-09-14 17:56:16 - prj1 - INFO - Main window closing
2025-09-14 17:56:16 - prj1 - INFO - Application exited with code: 0
2025-09-14 17:58:53 - prj1 - INFO - Starting PRJ-1 application
2025-09-14 17:58:53 - prj1 - INFO - Initializing application
2025-09-14 17:58:53 - prj1 - INFO - Application info: Project Browser v0.1.2
2025-09-14 17:58:53 - prj1 - INFO - Creating main window
2025-09-14 17:58:53 - prj1 - INFO - Starting application event loop
2025-09-14 18:03:00 - prj1 - INFO - Main window closing
2025-09-14 18:03:00 - prj1 - INFO - Application exited with code: 0
2025-09-14 18:03:04 - prj1 - INFO - Starting PRJ-1 application
2025-09-14 18:03:04 - prj1 - INFO - Initializing application
2025-09-14 18:03:04 - prj1 - INFO - Application info: Project Browser v0.1.2
2025-09-14 18:03:04 - prj1 - INFO - Creating main window
2025-09-14 18:03:04 - prj1 - INFO - Starting application event loop
2025-09-14 18:05:26 - prj1 - INFO - Main window closing
2025-09-14 18:05:26 - prj1 - INFO - Application exited with code: 0
2025-09-14 18:05:30 - prj1 - INFO - Starting PRJ-1 application
2025-09-14 18:05:30 - prj1 - INFO - Initializing application
2025-09-14 18:05:30 - prj1 - INFO - Application info: Project Browser v0.1.2
2025-09-14 18:05:30 - prj1 - INFO - Creating main window
2025-09-14 18:05:30 - prj1 - INFO - Starting application event loop
2025-09-14 18:19:09 - prj1 - INFO - Main window closing
2025-09-14 18:19:09 - prj1 - INFO - Application exited with code: 0
2025-09-14 18:19:56 - prj1 - INFO - Starting PRJ-1 application
2025-09-14 18:19:56 - prj1 - INFO - Initializing application
2025-09-14 18:19:56 - prj1 - INFO - Application info: Project Browser v0.1.2
2025-09-14 18:19:56 - prj1 - INFO - Creating main window
2025-09-14 18:19:56 - prj1 - INFO - Starting application event loop
2025-09-14 18:20:15 - prj1 - INFO - Main window closing
2025-09-14 18:20:15 - prj1 - INFO - Application exited with code: 0
2025-09-14 18:20:57 - prj1 - INFO - Starting PRJ-1 application
2025-09-14 18:20:57 - prj1 - INFO - Initializing application
2025-09-14 18:20:57 - prj1 - INFO - Application info: Project Browser v0.1.2
2025-09-14 18:20:57 - prj1 - INFO - Creating main window
2025-09-14 18:20:57 - prj1 - INFO - Starting application event loop
2025-09-14 18:21:08 - prj1 - INFO - Main window closing
2025-09-14 18:21:08 - prj1 - INFO - Application exited with code: 0
2025-09-14 18:37:25 - prj1 - INFO - Starting PRJ-1 application
2025-09-14 18:37:25 - prj1 - INFO - Initializing application
2025-09-14 18:37:25 - prj1 - INFO - Application info: Project Browser v0.1.2
2025-09-14 18:37:25 - prj1 - INFO - Creating main window
2025-09-14 18:37:26 - prj1 - INFO - Starting application event loop
2025-09-14 18:37:38 - prj1 - INFO - Main window closing
2025-09-14 18:37:38 - prj1 - INFO - Application exited with code: 0
2025-09-14 19:44:40 - prj1 - INFO - Starting PRJ-1 application
2025-09-14 19:44:40 - prj1 - INFO - Initializing application
2025-09-14 19:44:40 - prj1 - INFO - Application info: Project Browser v0.1.2
2025-09-14 19:44:40 - prj1 - INFO - Creating main window
2025-09-14 19:44:40 - prj1 - INFO - Starting application event loop
2025-09-14 19:44:54 - prj1 - INFO - Main window closing
2025-09-14 19:44:54 - prj1 - INFO - Application exited with code: 0
2025-09-14 19:47:40 - prj1 - INFO - Starting PRJ-1 application
2025-09-14 19:47:40 - prj1 - INFO - Initializing application
2025-09-14 19:47:40 - prj1 - INFO - Application info: Project Browser v0.1.2
2025-09-14 19:47:40 - prj1 - INFO - Creating main window
2025-09-14 19:47:40 - prj1 - INFO - Starting application event loop
2025-09-14 19:48:25 - prj1 - INFO - Main window closing
2025-09-14 19:48:25 - prj1 - INFO - Application exited with code: 0
2025-09-14 19:51:32 - prj1 - INFO - Starting PRJ-1 application
2025-09-14 19:51:32 - prj1 - INFO - Initializing application
2025-09-14 19:51:32 - prj1 - INFO - Application info: Project Browser v0.1.2
2025-09-14 19:51:32 - prj1 - INFO - Creating main window
2025-09-14 19:51:32 - prj1 - INFO - Starting application event loop
2025-09-14 19:52:02 - prj1 - INFO - Main window closing
2025-09-14 19:52:02 - prj1 - INFO - Application exited with code: 0
2025-09-14 20:04:01 - prj1 - INFO - Starting PRJ-1 application
2025-09-14 20:04:01 - prj1 - INFO - Initializing application
2025-09-14 20:04:01 - prj1 - INFO - Application info: Project Browser v0.1.2
2025-09-14 20:04:01 - prj1 - INFO - Creating main window
2025-09-14 20:04:01 - prj1 - INFO - Application icon loaded from: x:\GitHub\PRJ-1\assets\logo.png
2025-09-14 20:04:01 - prj1 - INFO - Background image loaded from: x:\GitHub\PRJ-1\assets\background.png
2025-09-14 20:04:02 - prj1 - INFO - Starting application event loop
2025-09-14 20:07:15 - prj1 - INFO - Main window closing
2025-09-14 20:07:15 - prj1 - INFO - Application exited with code: 0
2025-09-14 20:34:58 - prj1 - INFO - Starting PRJ-1 application
2025-09-14 20:34:58 - prj1 - INFO - Initializing application
2025-09-14 20:34:58 - prj1 - INFO - Application info: Project Browser v0.1.2
2025-09-14 20:34:58 - prj1 - INFO - Creating main window
2025-09-14 20:34:58 - prj1 - INFO - Application icon loaded from: c:\windows\TEMP\onefile_23336_134023484969355766\assets\logo.png
2025-09-14 20:34:58 - prj1 - INFO - Background image loaded from: c:\windows\TEMP\onefile_23336_134023484969355766\assets\background.png
2025-09-14 20:34:59 - prj1 - INFO - Starting application event loop
2025-09-14 20:35:01 - prj1 - INFO - Main window closing
2025-09-14 20:35:01 - prj1 - INFO - Application exited with code: 0
2025-09-14 20:49:44 - prj1 - INFO - Starting PRJ-1 application
2025-09-14 20:49:44 - prj1 - INFO - Initializing application
2025-09-14 20:49:44 - prj1 - INFO - Application info: Project Browser v0.1.2
2025-09-14 20:49:44 - prj1 - INFO - Creating main window
2025-09-14 20:49:44 - prj1 - INFO - Application icon loaded from: x:\GitHub\PRJ-1\assets\logo.png
2025-09-14 20:49:44 - prj1 - INFO - Background image loaded from: x:\GitHub\PRJ-1\assets\background.png
2025-09-14 20:49:44 - prj1 - INFO - Starting application event loop
2025-09-14 21:20:29 - prj1 - INFO - Main window closing
2025-09-14 21:20:29 - prj1 - INFO - Application exited with code: 0
2025-09-14 21:20:41 - prj1 - INFO - Starting PRJ-1 application
2025-09-14 21:20:41 - prj1 - INFO - Initializing application
2025-09-14 21:20:41 - prj1 - INFO - Application info: Project Browser v0.1.2
2025-09-14 21:20:41 - prj1 - INFO - Creating main window
2025-09-14 21:20:41 - prj1 - INFO - Application icon loaded from: x:\GitHub\PRJ-1\assets\logo.png
2025-09-14 21:20:41 - prj1 - INFO - Background image loaded from: x:\GitHub\PRJ-1\assets\background.png
2025-09-14 21:20:41 - prj1 - INFO - Starting application event loop
2025-09-14 21:21:02 - prj1 - INFO - Main window closing
2025-09-14 21:21:02 - prj1 - INFO - Application exited with code: 0
2025-09-14 21:24:37 - prj1 - INFO - Starting PRJ-1 application
2025-09-14 21:24:37 - prj1 - INFO - Initializing application
2025-09-14 21:24:37 - prj1 - INFO - Application info: Project Browser v0.1.2
2025-09-14 21:24:37 - prj1 - INFO - Creating main window
2025-09-14 21:24:37 - prj1 - INFO - Application icon loaded from: x:\GitHub\PRJ-1\assets\logo.png
2025-09-14 21:24:37 - prj1 - INFO - Background image loaded from: x:\GitHub\PRJ-1\assets\background.png
2025-09-14 21:24:37 - prj1 - INFO - Starting application event loop
2025-09-14 21:27:19 - prj1 - INFO - Main window closing
2025-09-14 21:27:19 - prj1 - INFO - Application exited with code: 0
2025-09-14 21:32:09 - prj1 - INFO - Starting PRJ-1 application
2025-09-14 21:32:09 - prj1 - INFO - Initializing application
2025-09-14 21:32:09 - prj1 - INFO - Application info: Project Browser v0.1.2
2025-09-14 21:32:09 - prj1 - INFO - Creating main window
2025-09-14 21:32:09 - prj1 - INFO - Application icon loaded from: x:\GitHub\PRJ-1\assets\logo.png
2025-09-14 21:32:09 - prj1 - INFO - Background image loaded from: x:\GitHub\PRJ-1\assets\background.png
2025-09-14 21:32:09 - prj1 - INFO - Starting application event loop
2025-09-14 21:32:22 - prj1 - INFO - Main window closing
2025-09-14 21:32:22 - prj1 - INFO - Application exited with code: 0
2025-09-14 21:33:06 - prj1 - INFO - Starting PRJ-1 application
2025-09-14 21:33:06 - prj1 - INFO - Initializing application
2025-09-14 21:33:06 - prj1 - INFO - Application info: Project Browser v0.1.2
2025-09-14 21:33:06 - prj1 - INFO - Creating main window
2025-09-14 21:33:06 - prj1 - INFO - Application icon loaded from: x:\GitHub\PRJ-1\assets\logo.png
2025-09-14 21:33:06 - prj1 - INFO - Background image loaded from: x:\GitHub\PRJ-1\assets\background.png
2025-09-14 21:33:07 - prj1 - INFO - Starting application event loop
2025-09-14 21:33:34 - prj1 - INFO - Main window closing
2025-09-14 21:33:34 - prj1 - INFO - Application exited with code: 0
2025-09-14 21:34:25 - prj1 - INFO - Starting PRJ-1 application
2025-09-14 21:34:25 - prj1 - INFO - Initializing application
2025-09-14 21:34:25 - prj1 - INFO - Application info: Project Browser v0.1.2
2025-09-14 21:34:25 - prj1 - INFO - Creating main window
2025-09-14 21:34:25 - prj1 - INFO - Application icon loaded from: x:\GitHub\PRJ-1\assets\logo.png
2025-09-14 21:34:25 - prj1 - INFO - Background image loaded from: x:\GitHub\PRJ-1\assets\background.png
2025-09-14 21:34:25 - prj1 - INFO - Starting application event loop
2025-09-14 21:35:03 - prj1 - INFO - Main window closing
2025-09-14 21:35:03 - prj1 - INFO - Application exited with code: 0
2025-09-14 21:49:40 - prj1 - INFO - Starting PRJ-1 application
2025-09-14 21:49:40 - prj1 - INFO - Initializing application
2025-09-14 21:49:40 - prj1 - INFO - Application info: Project Browser v0.1.2
2025-09-14 21:49:40 - prj1 - INFO - Creating main window
2025-09-14 21:49:40 - prj1 - INFO - Application icon loaded from: x:\GitHub\PRJ-1\assets\logo.png
2025-09-14 21:49:40 - prj1 - INFO - Background image loaded from: x:\GitHub\PRJ-1\assets\background.png
2025-09-14 21:49:40 - prj1 - INFO - Starting application event loop
2025-09-14 21:49:44 - prj1 - INFO - Main window closing
2025-09-14 21:49:44 - prj1 - INFO - Application exited with code: 0
2025-09-14 21:51:36 - prj1 - INFO - Starting PRJ-1 application
2025-09-14 21:51:36 - prj1 - INFO - Initializing application
2025-09-14 21:51:36 - prj1 - INFO - Application info: Project Browser v0.1.2
2025-09-14 21:51:36 - prj1 - INFO - Creating main window
2025-09-14 21:51:36 - prj1 - INFO - Application icon loaded from: x:\GitHub\PRJ-1\assets\logo.png
2025-09-14 21:51:36 - prj1 - INFO - Background image loaded from: x:\GitHub\PRJ-1\assets\background.png
2025-09-14 21:51:36 - prj1 - INFO - Starting application event loop
2025-09-14 21:51:55 - prj1 - INFO - Main window closing
2025-09-14 21:51:55 - prj1 - INFO - Application exited with code: 0
2025-09-14 22:06:38 - prj1 - INFO - Starting PRJ-1 application
2025-09-14 22:06:38 - prj1 - INFO - Initializing application
2025-09-14 22:06:38 - prj1 - INFO - Application info: Project Browser v0.1.2
2025-09-14 22:06:38 - prj1 - INFO - Creating main window
2025-09-14 22:06:38 - prj1 - INFO - Application icon loaded from: X:\GitHub\PRJ-1\assets\logo.png
2025-09-14 22:06:38 - prj1 - INFO - Background image loaded from: X:\GitHub\PRJ-1\assets\background.png
2025-09-14 22:06:38 - prj1 - INFO - Starting application event loop
2025-09-14 22:08:17 - prj1 - INFO - Main window closing
2025-09-14 22:08:17 - prj1 - INFO - Application exited with code: 0
2025-09-14 22:18:34 - prj1 - INFO - Starting PRJ-1 application
2025-09-14 22:18:34 - prj1 - INFO - Initializing application
2025-09-14 22:18:34 - prj1 - INFO - Application info: Project Browser v0.1.2
2025-09-14 22:18:34 - prj1 - INFO - Creating main window
2025-09-14 22:18:34 - prj1 - INFO - Application icon loaded from: X:\GitHub\PRJ-1\assets\logo.png
2025-09-14 22:18:34 - prj1 - INFO - Background image loaded from: X:\GitHub\PRJ-1\assets\background.png
2025-09-14 22:18:34 - prj1 - INFO - Starting application event loop
2025-09-14 22:20:48 - prj1 - INFO - Main window closing
2025-09-14 22:20:48 - prj1 - INFO - Application exited with code: 0
2025-09-14 22:20:51 - prj1 - INFO - Starting PRJ-1 application
2025-09-14 22:20:51 - prj1 - INFO - Initializing application
2025-09-14 22:20:51 - prj1 - INFO - Application info: Project Browser v0.1.2
2025-09-14 22:20:51 - prj1 - INFO - Creating main window
2025-09-14 22:20:51 - prj1 - INFO - Application icon loaded from: X:\GitHub\PRJ-1\assets\logo.png
2025-09-14 22:20:51 - prj1 - INFO - Background image loaded from: X:\GitHub\PRJ-1\assets\background.png
2025-09-14 22:20:51 - prj1 - INFO - Starting application event loop
2025-09-14 22:21:32 - prj1 - INFO - Main window closing
2025-09-14 22:21:32 - prj1 - INFO - Application exited with code: 0
2025-09-14 22:21:42 - prj1 - INFO - Starting PRJ-1 application
2025-09-14 22:21:42 - prj1 - INFO - Initializing application
2025-09-14 22:21:42 - prj1 - INFO - Application info: Project Browser v0.1.2
2025-09-14 22:21:42 - prj1 - INFO - Creating main window
2025-09-14 22:21:42 - prj1 - INFO - Application icon loaded from: X:\GitHub\PRJ-1\assets\logo.png
2025-09-14 22:21:42 - prj1 - INFO - Background image loaded from: X:\GitHub\PRJ-1\assets\background.png
2025-09-14 22:21:42 - prj1 - INFO - Starting application event loop
2025-09-14 22:21:45 - prj1 - INFO - Main window closing
2025-09-14 22:21:45 - prj1 - INFO - Application exited with code: 0
